Prog Coord: 1
Initial...
mkdir: DATA: File exists
rm: BNGSim: No such file or directory
found 13 species!
Read M_R() = 0.000000e+00
Read R() = 0.000000e+00
Read R_2() = 0.000000e+00
Read O() = 1.000000e+00
Read R_2O() = 0.000000e+00
Read I() = 0.000000e+00
Read I_ex() = 4.817700e+04
Read I_2R_2() = 0.000000e+00
Read M_Y() = 0.000000e+00
Read Y() = 0.000000e+00
Read YI_ex() = 0.000000e+00
Read $null() = 1.000000e+00
Read $trash() = 1.000000e+00
Print_Info...
snapshot: 0
BF_Sim...
Cal_Dist_Coord...
Assign...
Reassign...
Print_Info...
snapshot: 1
BF_Sim...
Cal_Dist_Coord...
Assign...
Reassign...
Print_Info...
snapshot: 2
BF_Sim...
Cal_Dist_Coord...
Assign...
Reassign...
Print_Info...
snapshot: 3
BF_Sim...
Cal_Dist_Coord...
Assign...
Reassign...
Print_Info...
snapshot: 4
BF_Sim...
Cal_Dist_Coord...
Assign...
Reassign...
Print_Info...
snapshot: 5
BF_Sim...
Cal_Dist_Coord...
Assign...
Reassign...
Print_Info...
snapshot: 6
BF_Sim...
Cal_Dist_Coord...
Assign...
Reassign...
Print_Info...
snapshot: 7
BF_Sim...
Cal_Dist_Coord...
Assign...
Reassign...
Print_Info...
snapshot: 8
BF_Sim...
Cal_Dist_Coord...
Assign...
Reassign...
Print_Info...
snapshot: 9
BF_Sim...
Cal_Dist_Coord...
Assign...
Reassign...
Print_Info...
